<?xml version='1.0'?>
<ns2:test-suite xmlns:ns2='urn:model.allure.qatools.yandex.ru' start='1558264860878' stop='1558264942231'>
    <name>Google Search Test</name>
    <title>Google Search Test</title>
    <test-cases>
        <test-case start='1558264865356' status='broken' stop='1558264917920'>
            <name>Should search for "webdriver"</name>
            <title>Should search for "webdriver"</title>
            <labels/>
            <parameters/>
            <steps/>
            <attachments/>
            <failure>
                <message>chaiwebdriver.expect is not a function</message>
                <stack-trace>TypeError: chaiwebdriver.expect is not a function
                    at Context.it (test\google\search.spec.js:27:23)
                    at process._tickCallback (internal/process/next_tick.js:68:7)</stack-trace>
            </failure>
        </test-case>
        <test-case start='1558264917921' status='failed' stop='1558264942125'>
            <name>Should find more than 100000 results</name>
            <title>Should find more than 100000 results</title>
            <labels/>
            <parameters/>
            <steps/>
            <attachments/>
            <failure>
                <message>The number of results is less than expected.
                Actual: 2
                Expected: 100000: expected false to be true</message>
                <stack-trace>AssertionError: The number of results is less than expected.
                Actual: 2
                Expected: 100000: expected false to be true
                    at Context.it (test\google\search.spec.js:33:16)
                    at process._tickCallback (internal/process/next_tick.js:68:7)</stack-trace>
            </failure>
        </test-case>
        <test-case start='1558264942126' status='pending' stop='1558264942126'>
            <name>Should show https://www.seleniumhq.org/projects/webdriver/ on the first page</name>
            <title>Should show https://www.seleniumhq.org/projects/webdriver/ on the first page</title>
            <labels/>
            <parameters/>
            <steps/>
            <attachments/>
            <failure>
                <message>Test ignored</message>
                <stack-trace>undefined</stack-trace>
            </failure>
        </test-case>
    </test-cases>
</ns2:test-suite>